Release 14.7 - xst P.20131013 (lin64)
Copyright (c) 1995-2013 Xilinx, Inc.  All rights reserved.
--> 
Parameter TMPDIR set to xst/projnav.tmp


Total REAL time to Xst completion: 1.00 secs
Total CPU time to Xst completion: 0.08 secs
 
--> 
Parameter xsthdpdir set to xst


Total REAL time to Xst completion: 1.00 secs
Total CPU time to Xst completion: 0.08 secs
 
--> 
Reading design: modulator_synth_sys.prj

TABLE OF CONTENTS
  1) Synthesis Options Summary
  2) HDL Compilation
  3) Design Hierarchy Analysis
  4) HDL Analysis
  5) HDL Synthesis
     5.1) HDL Synthesis Report
  6) Advanced HDL Synthesis
     6.1) Advanced HDL Synthesis Report
  7) Low Level Synthesis
  8) Partition Report
  9) Final Report
	9.1) Device utilization summary
	9.2) Partition Resource Summary
	9.3) TIMING REPORT


=========================================================================
*                      Synthesis Options Summary                        *
=========================================================================
---- Source Parameters
Input File Name                    : "modulator_synth_sys.prj"
Input Format                       : mixed
Ignore Synthesis Constraint File   : NO

---- Target Parameters
Output File Name                   : "modulator_synth_sys"
Output Format                      : NGC
Target Device                      : xc5vfx70t-1-ff1136

---- Source Options
Top Module Name                    : modulator_synth_sys
Automatic FSM Extraction           : YES
FSM Encoding Algorithm             : Auto
Safe Implementation                : No
FSM Style                          : LUT
RAM Extraction                     : Yes
RAM Style                          : Auto
ROM Extraction                     : Yes
Mux Style                          : Auto
Decoder Extraction                 : YES
Priority Encoder Extraction        : Yes
Shift Register Extraction          : YES
Logical Shifter Extraction         : YES
XOR Collapsing                     : YES
ROM Style                          : Auto
Mux Extraction                     : Yes
Resource Sharing                   : YES
Asynchronous To Synchronous        : NO
Use DSP Block                      : Auto
Automatic Register Balancing       : No

---- Target Options
LUT Combining                      : Off
Reduce Control Sets                : Off
Add IO Buffers                     : YES
Global Maximum Fanout              : 100000
Add Generic Clock Buffer(BUFG)     : 32
Register Duplication               : YES
Slice Packing                      : YES
Optimize Instantiated Primitives   : NO
Use Clock Enable                   : Auto
Use Synchronous Set                : Auto
Use Synchronous Reset              : Auto
Pack IO Registers into IOBs        : Auto
Equivalent register Removal        : YES

---- General Options
Optimization Goal                  : Speed
Optimization Effort                : 1
Power Reduction                    : NO
Keep Hierarchy                     : No
Netlist Hierarchy                  : As_Optimized
RTL Output                         : Yes
Global Optimization                : AllClockNets
Read Cores                         : YES
Write Timing Constraints           : NO
Cross Clock Analysis               : NO
Hierarchy Separator                : /
Bus Delimiter                      : <>
Case Specifier                     : Maintain
Slice Utilization Ratio            : 100
BRAM Utilization Ratio             : 100
DSP48 Utilization Ratio            : 100
Verilog 2001                       : YES
Auto BRAM Packing                  : NO
Slice Utilization Ratio Delta      : 5

---- Other Options
Cores Search Directories           : {"ipcore_dir/ipcore_dir_synth" "ipcore_dir/ipcore_dir_mash222"  }

=========================================================================


=========================================================================
*                          HDL Compilation                              *
=========================================================================
Compiling vhdl file "/home/ise/projects/complete_system_mash222_freq_synth_clean/ipcore_dir/ipcore_dir_mash222/gtx_output_tile.vhd" in Library work.
Architecture rtl of Entity gtx_output_tile is up to date.
Compiling vhdl file "/home/ise/projects/complete_system_mash222_freq_synth_clean/mash222_vhd_files/output_buffer.vhd" in Library work.
Architecture behavioral of Entity output_buffer is up to date.
Compiling vhdl file "/home/ise/projects/complete_system_mash222_freq_synth_clean/mash222_vhd_files/mash_222.vhd" in Library work.
Architecture behavioral of Entity mash_222 is up to date.
Compiling vhdl file "/home/ise/projects/complete_system_mash222_freq_synth_clean/mash222_vhd_files/bit_reduction.vhd" in Library work.
Architecture behavioral of Entity bit_reduction is up to date.
Compiling vhdl file "/home/ise/projects/complete_system_mash222_freq_synth_clean/pll_clock.vhd" in Library work.
Architecture behavioral of Entity pll_clock is up to date.
Compiling vhdl file "/home/ise/projects/complete_system_mash222_freq_synth_clean/ipcore_dir/ipcore_dir_mash222/gtx_output.vhd" in Library work.
Architecture rtl of Entity gtx_output is up to date.
Compiling vhdl file "/home/ise/projects/complete_system_mash222_freq_synth_clean/ipcore_dir/ipcore_dir_synth/lut_sine_coarse_128_vals.vhd" in Library work.
Architecture lut_sine_coarse_128_vals_a of Entity lut_sine_coarse_128_vals is up to date.
Compiling vhdl file "/home/ise/projects/complete_system_mash222_freq_synth_clean/ipcore_dir/ipcore_dir_synth/lut_sine_fine_256_vals.vhd" in Library work.
Architecture lut_sine_fine_256_vals_a of Entity lut_sine_fine_256_vals is up to date.
Compiling vhdl file "/home/ise/projects/complete_system_mash222_freq_synth_clean/synth_vhd_files/synth.vhd" in Library work.
Entity <synth> compiled.
Entity <synth> (Architecture <behavioral>) compiled.
Compiling vhdl file "/home/ise/projects/complete_system_mash222_freq_synth_clean/mash222_vhd_files/top_level.vhd" in Library work.
Entity <mod_top_level> compiled.
Entity <mod_top_level> (Architecture <behavioral>) compiled.
Compiling vhdl file "/home/ise/projects/complete_system_mash222_freq_synth_clean/modulator_synth_sys.vhd" in Library work.
Architecture behavioral of Entity modulator_synth_sys is up to date.

=========================================================================
*                     Design Hierarchy Analysis                         *
=========================================================================
Analyzing hierarchy for entity <modulator_synth_sys> in library <work> (architecture <behavioral>).

Analyzing hierarchy for entity <synth> in library <work> (architecture <behavioral>).

Analyzing hierarchy for entity <mod_top_level> in library <work> (architecture <behavioral>).

Analyzing hierarchy for entity <output_buffer> in library <work> (architecture <behavioral>).

Analyzing hierarchy for entity <mash_222> in library <work> (architecture <behavioral>).

Analyzing hierarchy for entity <bit_reduction> in library <work> (architecture <behavioral>).

Analyzing hierarchy for entity <pll_clock> in library <work> (architecture <behavioral>).

Analyzing hierarchy for entity <GTX_OUTPUT> in library <work> (architecture <rtl>) with generics.
	WRAPPER_SIM_GTXRESET_SPEEDUP = 1
	WRAPPER_SIM_MODE = "FAST"
	WRAPPER_SIM_PLL_PERDIV2 = "000011010000"

Analyzing hierarchy for entity <GTX_OUTPUT_TILE> in library <work> (architecture <rtl>) with generics.
	TILE_CHAN_BOND_LEVEL_0 = 0
	TILE_CHAN_BOND_LEVEL_1 = 0
	TILE_CHAN_BOND_MODE_0 = "OFF"
	TILE_CHAN_BOND_MODE_1 = "OFF"
	TILE_SIM_GTXRESET_SPEEDUP = 1
	TILE_SIM_MODE = "FAST"
	TILE_SIM_PLL_PERDIV2 = "000011010000"


=========================================================================
*                            HDL Analysis                               *
=========================================================================
Analyzing Entity <modulator_synth_sys> in library <work> (Architecture <behavioral>).
Entity <modulator_synth_sys> analyzed. Unit <modulator_synth_sys> generated.

Analyzing Entity <synth> in library <work> (Architecture <behavioral>).
WARNING:Xst:2211 - "/home/ise/projects/complete_system_mash222_freq_synth_clean/synth_vhd_files/synth.vhd" line 161: Instantiating black box module <lut_sine_coarse_128_vals>.
WARNING:Xst:2211 - "/home/ise/projects/complete_system_mash222_freq_synth_clean/synth_vhd_files/synth.vhd" line 168: Instantiating black box module <lut_sine_coarse_128_vals>.
WARNING:Xst:2211 - "/home/ise/projects/complete_system_mash222_freq_synth_clean/synth_vhd_files/synth.vhd" line 175: Instantiating black box module <lut_sine_fine_256_vals>.
Entity <synth> analyzed. Unit <synth> generated.

Analyzing Entity <mod_top_level> in library <work> (Architecture <behavioral>).
WARNING:Xst:753 - "/home/ise/projects/complete_system_mash222_freq_synth_clean/mash222_vhd_files/top_level.vhd" line 212: Unconnected output port 'LOCKED_OUT' of component 'pll_clock'.
WARNING:Xst:753 - "/home/ise/projects/complete_system_mash222_freq_synth_clean/mash222_vhd_files/top_level.vhd" line 222: Unconnected output port 'TILE0_RXOVERSAMPLEERR0_OUT' of component 'GTX_OUTPUT'.
WARNING:Xst:753 - "/home/ise/projects/complete_system_mash222_freq_synth_clean/mash222_vhd_files/top_level.vhd" line 222: Unconnected output port 'TILE0_RXOVERSAMPLEERR1_OUT' of component 'GTX_OUTPUT'.
WARNING:Xst:753 - "/home/ise/projects/complete_system_mash222_freq_synth_clean/mash222_vhd_files/top_level.vhd" line 222: Unconnected output port 'TILE0_PLLLKDET_OUT' of component 'GTX_OUTPUT'.
WARNING:Xst:753 - "/home/ise/projects/complete_system_mash222_freq_synth_clean/mash222_vhd_files/top_level.vhd" line 222: Unconnected output port 'TILE0_RESETDONE0_OUT' of component 'GTX_OUTPUT'.
WARNING:Xst:753 - "/home/ise/projects/complete_system_mash222_freq_synth_clean/mash222_vhd_files/top_level.vhd" line 222: Unconnected output port 'TILE0_RESETDONE1_OUT' of component 'GTX_OUTPUT'.
WARNING:Xst:753 - "/home/ise/projects/complete_system_mash222_freq_synth_clean/mash222_vhd_files/top_level.vhd" line 222: Unconnected output port 'TILE0_TXN0_OUT' of component 'GTX_OUTPUT'.
WARNING:Xst:753 - "/home/ise/projects/complete_system_mash222_freq_synth_clean/mash222_vhd_files/top_level.vhd" line 222: Unconnected output port 'TILE0_TXP0_OUT' of component 'GTX_OUTPUT'.
Entity <mod_top_level> analyzed. Unit <mod_top_level> generated.

Analyzing Entity <output_buffer> in library <work> (Architecture <behavioral>).
Entity <output_buffer> analyzed. Unit <output_buffer> generated.

Analyzing Entity <mash_222> in library <work> (Architecture <behavioral>).
Entity <mash_222> analyzed. Unit <mash_222> generated.

Analyzing Entity <bit_reduction> in library <work> (Architecture <behavioral>).
Entity <bit_reduction> analyzed. Unit <bit_reduction> generated.

Analyzing Entity <pll_clock> in library <work> (Architecture <behavioral>).
    Set user-defined property "CAPACITANCE =  DONT_CARE" for instance <CLKIN1_IBUFG_INST> in unit <pll_clock>.
    Set user-defined property "IBUF_DELAY_VALUE =  0" for instance <CLKIN1_IBUFG_INST> in unit <pll_clock>.
    Set user-defined property "IBUF_LOW_PWR =  TRUE" for instance <CLKIN1_IBUFG_INST> in unit <pll_clock>.
    Set user-defined property "IOSTANDARD =  DEFAULT" for instance <CLKIN1_IBUFG_INST> in unit <pll_clock>.
    Set user-defined property "BANDWIDTH =  OPTIMIZED" for instance <PLL_ADV_INST> in unit <pll_clock>.
    Set user-defined property "CLKFBOUT_DESKEW_ADJUST =  NONE" for instance <PLL_ADV_INST> in unit <pll_clock>.
    Set user-defined property "CLKFBOUT_MULT =  24" for instance <PLL_ADV_INST> in unit <pll_clock>.
    Set user-defined property "CLKFBOUT_PHASE =  0.0000000000000000" for instance <PLL_ADV_INST> in unit <pll_clock>.
    Set user-defined property "CLKIN1_PERIOD =  10.0000000000000000" for instance <PLL_ADV_INST> in unit <pll_clock>.
    Set user-defined property "CLKIN2_PERIOD =  10.0000000000000000" for instance <PLL_ADV_INST> in unit <pll_clock>.
    Set user-defined property "CLKOUT0_DESKEW_ADJUST =  NONE" for instance <PLL_ADV_INST> in unit <pll_clock>.
    Set user-defined property "CLKOUT0_DIVIDE =  2" for instance <PLL_ADV_INST> in unit <pll_clock>.
    Set user-defined property "CLKOUT0_DUTY_CYCLE =  0.5000000000000000" for instance <PLL_ADV_INST> in unit <pll_clock>.
    Set user-defined property "CLKOUT0_PHASE =  0.0000000000000000" for instance <PLL_ADV_INST> in unit <pll_clock>.
    Set user-defined property "CLKOUT1_DESKEW_ADJUST =  NONE" for instance <PLL_ADV_INST> in unit <pll_clock>.
    Set user-defined property "CLKOUT1_DIVIDE =  4" for instance <PLL_ADV_INST> in unit <pll_clock>.
    Set user-defined property "CLKOUT1_DUTY_CYCLE =  0.5000000000000000" for instance <PLL_ADV_INST> in unit <pll_clock>.
    Set user-defined property "CLKOUT1_PHASE =  0.0000000000000000" for instance <PLL_ADV_INST> in unit <pll_clock>.
    Set user-defined property "CLKOUT2_DESKEW_ADJUST =  NONE" for instance <PLL_ADV_INST> in unit <pll_clock>.
    Set user-defined property "CLKOUT2_DIVIDE =  6" for instance <PLL_ADV_INST> in unit <pll_clock>.
    Set user-defined property "CLKOUT2_DUTY_CYCLE =  0.5000000000000000" for instance <PLL_ADV_INST> in unit <pll_clock>.
    Set user-defined property "CLKOUT2_PHASE =  0.0000000000000000" for instance <PLL_ADV_INST> in unit <pll_clock>.
    Set user-defined property "CLKOUT3_DESKEW_ADJUST =  NONE" for instance <PLL_ADV_INST> in unit <pll_clock>.
    Set user-defined property "CLKOUT3_DIVIDE =  8" for instance <PLL_ADV_INST> in unit <pll_clock>.
    Set user-defined property "CLKOUT3_DUTY_CYCLE =  0.5000000000000000" for instance <PLL_ADV_INST> in unit <pll_clock>.
    Set user-defined property "CLKOUT3_PHASE =  0.0000000000000000" for instance <PLL_ADV_INST> in unit <pll_clock>.
    Set user-defined property "CLKOUT4_DESKEW_ADJUST =  NONE" for instance <PLL_ADV_INST> in unit <pll_clock>.
    Set user-defined property "CLKOUT4_DIVIDE =  1" for instance <PLL_ADV_INST> in unit <pll_clock>.
    Set user-defined property "CLKOUT4_DUTY_CYCLE =  0.5000000000000000" for instance <PLL_ADV_INST> in unit <pll_clock>.
    Set user-defined property "CLKOUT4_PHASE =  0.0000000000000000" for instance <PLL_ADV_INST> in unit <pll_clock>.
    Set user-defined property "CLKOUT5_DESKEW_ADJUST =  NONE" for instance <PLL_ADV_INST> in unit <pll_clock>.
    Set user-defined property "CLKOUT5_DIVIDE =  1" for instance <PLL_ADV_INST> in unit <pll_clock>.
    Set user-defined property "CLKOUT5_DUTY_CYCLE =  0.5000000000000000" for instance <PLL_ADV_INST> in unit <pll_clock>.
    Set user-defined property "CLKOUT5_PHASE =  0.0000000000000000" for instance <PLL_ADV_INST> in unit <pll_clock>.
    Set user-defined property "CLK_FEEDBACK =  CLKFBOUT" for instance <PLL_ADV_INST> in unit <pll_clock>.
    Set user-defined property "COMPENSATION =  SYSTEM_SYNCHRONOUS" for instance <PLL_ADV_INST> in unit <pll_clock>.
    Set user-defined property "DIVCLK_DIVIDE =  5" for instance <PLL_ADV_INST> in unit <pll_clock>.
    Set user-defined property "EN_REL =  FALSE" for instance <PLL_ADV_INST> in unit <pll_clock>.
    Set user-defined property "PLL_PMCD_MODE =  FALSE" for instance <PLL_ADV_INST> in unit <pll_clock>.
    Set user-defined property "REF_JITTER =  0.0050000000000000" for instance <PLL_ADV_INST> in unit <pll_clock>.
    Set user-defined property "RESET_ON_LOSS_OF_LOCK =  FALSE" for instance <PLL_ADV_INST> in unit <pll_clock>.
    Set user-defined property "RST_DEASSERT_CLK =  CLKIN1" for instance <PLL_ADV_INST> in unit <pll_clock>.
    Set user-defined property "SIM_DEVICE =  VIRTEX5" for instance <PLL_ADV_INST> in unit <pll_clock>.
Entity <pll_clock> analyzed. Unit <pll_clock> generated.

Analyzing generic Entity <GTX_OUTPUT> in library <work> (Architecture <rtl>).
	WRAPPER_SIM_GTXRESET_SPEEDUP = 1
	WRAPPER_SIM_MODE = "FAST"
	WRAPPER_SIM_PLL_PERDIV2 = "000011010000"
Entity <GTX_OUTPUT> analyzed. Unit <GTX_OUTPUT> generated.

Analyzing generic Entity <GTX_OUTPUT_TILE> in library <work> (Architecture <rtl>).
	TILE_CHAN_BOND_LEVEL_0 = 0
	TILE_CHAN_BOND_LEVEL_1 = 0
	TILE_CHAN_BOND_MODE_0 = "OFF"
	TILE_CHAN_BOND_MODE_1 = "OFF"
	TILE_SIM_GTXRESET_SPEEDUP = 1
	TILE_SIM_MODE = "FAST"
	TILE_SIM_PLL_PERDIV2 = "000011010000"
    Set user-defined property "AC_CAP_DIS_0 =  TRUE" for instance <gtx_dual_i> in unit <GTX_OUTPUT_TILE>.
    Set user-defined property "AC_CAP_DIS_1 =  TRUE" for instance <gtx_dual_i> in unit <GTX_OUTPUT_TILE>.
    Set user-defined property "ALIGN_COMMA_WORD_0 =  1" for instance <gtx_dual_i> in unit <GTX_OUTPUT_TILE>.
    Set user-defined property "ALIGN_COMMA_WORD_1 =  1" for instance <gtx_dual_i> in unit <GTX_OUTPUT_TILE>.
    Set user-defined property "CB2_INH_CC_PERIOD_0 =  8" for instance <gtx_dual_i> in unit <GTX_OUTPUT_TILE>.
    Set user-defined property "CB2_INH_CC_PERIOD_1 =  8" for instance <gtx_dual_i> in unit <GTX_OUTPUT_TILE>.
    Set user-defined property "CDR_PH_ADJ_TIME =  01010" for instance <gtx_dual_i> in unit <GTX_OUTPUT_TILE>.
    Set user-defined property "CHAN_BOND_1_MAX_SKEW_0 =  1" for instance <gtx_dual_i> in unit <GTX_OUTPUT_TILE>.
    Set user-defined property "CHAN_BOND_1_MAX_SKEW_1 =  1" for instance <gtx_dual_i> in unit <GTX_OUTPUT_TILE>.
    Set user-defined property "CHAN_BOND_2_MAX_SKEW_0 =  1" for instance <gtx_dual_i> in unit <GTX_OUTPUT_TILE>.
    Set user-defined property "CHAN_BOND_2_MAX_SKEW_1 =  1" for instance <gtx_dual_i> in unit <GTX_OUTPUT_TILE>.
    Set user-defined property "CHAN_BOND_KEEP_ALIGN_0 =  FALSE" for instance <gtx_dual_i> in unit <GTX_OUTPUT_TILE>.
    Set user-defined property "CHAN_BOND_KEEP_ALIGN_1 =  FALSE" for instance <gtx_dual_i> in unit <GTX_OUTPUT_TILE>.
    Set user-defined property "CHAN_BOND_LEVEL_0 =  0" for instance <gtx_dual_i> in unit <GTX_OUTPUT_TILE>.
    Set user-defined property "CHAN_BOND_LEVEL_1 =  0" for instance <gtx_dual_i> in unit <GTX_OUTPUT_TILE>.
    Set user-defined property "CHAN_BOND_MODE_0 =  OFF" for instance <gtx_dual_i> in unit <GTX_OUTPUT_TILE>.
    Set user-defined property "CHAN_BOND_MODE_1 =  OFF" for instance <gtx_dual_i> in unit <GTX_OUTPUT_TILE>.
    Set user-defined property "CHAN_BOND_SEQ_1_1_0 =  0000000000" for instance <gtx_dual_i> in unit <GTX_OUTPUT_TILE>.
    Set user-defined property "CHAN_BOND_SEQ_1_1_1 =  0000000000" for instance <gtx_dual_i> in unit <GTX_OUTPUT_TILE>.
    Set user-defined property "CHAN_BOND_SEQ_1_2_0 =  0000000000" for instance <gtx_dual_i> in unit <GTX_OUTPUT_TILE>.
    Set user-defined property "CHAN_BOND_SEQ_1_2_1 =  0000000000" for instance <gtx_dual_i> in unit <GTX_OUTPUT_TILE>.
    Set user-defined property "CHAN_BOND_SEQ_1_3_0 =  0000000000" for instance <gtx_dual_i> in unit <GTX_OUTPUT_TILE>.
    Set user-defined property "CHAN_BOND_SEQ_1_3_1 =  0000000000" for instance <gtx_dual_i> in unit <GTX_OUTPUT_TILE>.
    Set user-defined property "CHAN_BOND_SEQ_1_4_0 =  0000000000" for instance <gtx_dual_i> in unit <GTX_OUTPUT_TILE>.
    Set user-defined property "CHAN_BOND_SEQ_1_4_1 =  0000000000" for instance <gtx_dual_i> in unit <GTX_OUTPUT_TILE>.
    Set user-defined property "CHAN_BOND_SEQ_1_ENABLE_0 =  0000" for instance <gtx_dual_i> in unit <GTX_OUTPUT_TILE>.
    Set user-defined property "CHAN_BOND_SEQ_1_ENABLE_1 =  0000" for instance <gtx_dual_i> in unit <GTX_OUTPUT_TILE>.
    Set user-defined property "CHAN_BOND_SEQ_2_1_0 =  0000000000" for instance <gtx_dual_i> in unit <GTX_OUTPUT_TILE>.
    Set user-defined property "CHAN_BOND_SEQ_2_1_1 =  0000000000" for instance <gtx_dual_i> in unit <GTX_OUTPUT_TILE>.
    Set user-defined property "CHAN_BOND_SEQ_2_2_0 =  0000000000" for instance <gtx_dual_i> in unit <GTX_OUTPUT_TILE>.
    Set user-defined property "CHAN_BOND_SEQ_2_2_1 =  0000000000" for instance <gtx_dual_i> in unit <GTX_OUTPUT_TILE>.
    Set user-defined property "CHAN_BOND_SEQ_2_3_0 =  0000000000" for instance <gtx_dual_i> in unit <GTX_OUTPUT_TILE>.
    Set user-defined property "CHAN_BOND_SEQ_2_3_1 =  0000000000" for instance <gtx_dual_i> in unit <GTX_OUTPUT_TILE>.
    Set user-defined property "CHAN_BOND_SEQ_2_4_0 =  0000000000" for instance <gtx_dual_i> in unit <GTX_OUTPUT_TILE>.
    Set user-defined property "CHAN_BOND_SEQ_2_4_1 =  0000000000" for instance <gtx_dual_i> in unit <GTX_OUTPUT_TILE>.
    Set user-defined property "CHAN_BOND_SEQ_2_ENABLE_0 =  0000" for instance <gtx_dual_i> in unit <GTX_OUTPUT_TILE>.
    Set user-defined property "CHAN_BOND_SEQ_2_ENABLE_1 =  0000" for instance <gtx_dual_i> in unit <GTX_OUTPUT_TILE>.
    Set user-defined property "CHAN_BOND_SEQ_2_USE_0 =  FALSE" for instance <gtx_dual_i> in unit <GTX_OUTPUT_TILE>.
    Set user-defined property "CHAN_BOND_SEQ_2_USE_1 =  FALSE" for instance <gtx_dual_i> in unit <GTX_OUTPUT_TILE>.
    Set user-defined property "CHAN_BOND_SEQ_LEN_0 =  1" for instance <gtx_dual_i> in unit <GTX_OUTPUT_TILE>.
    Set user-defined property "CHAN_BOND_SEQ_LEN_1 =  1" for instance <gtx_dual_i> in unit <GTX_OUTPUT_TILE>.
    Set user-defined property "CLK25_DIVIDER =  10" for instance <gtx_dual_i> in unit <GTX_OUTPUT_TILE>.
    Set user-defined property "CLKINDC_B =  TRUE" for instance <gtx_dual_i> in unit <GTX_OUTPUT_TILE>.
    Set user-defined property "CLKRCV_TRST =  TRUE" for instance <gtx_dual_i> in unit <GTX_OUTPUT_TILE>.
    Set user-defined property "CLK_CORRECT_USE_0 =  FALSE" for instance <gtx_dual_i> in unit <GTX_OUTPUT_TILE>.
    Set user-defined property "CLK_CORRECT_USE_1 =  FALSE" for instance <gtx_dual_i> in unit <GTX_OUTPUT_TILE>.
    Set user-defined property "CLK_COR_ADJ_LEN_0 =  2" for instance <gtx_dual_i> in unit <GTX_OUTPUT_TILE>.
    Set user-defined property "CLK_COR_ADJ_LEN_1 =  2" for instance <gtx_dual_i> in unit <GTX_OUTPUT_TILE>.
    Set user-defined property "CLK_COR_DET_LEN_0 =  2" for instance <gtx_dual_i> in unit <GTX_OUTPUT_TILE>.
    Set user-defined property "CLK_COR_DET_LEN_1 =  2" for instance <gtx_dual_i> in unit <GTX_OUTPUT_TILE>.
    Set user-defined property "CLK_COR_INSERT_IDLE_FLAG_0 =  FALSE" for instance <gtx_dual_i> in unit <GTX_OUTPUT_TILE>.
    Set user-defined property "CLK_COR_INSERT_IDLE_FLAG_1 =  FALSE" for instance <gtx_dual_i> in unit <GTX_OUTPUT_TILE>.
    Set user-defined property "CLK_COR_KEEP_IDLE_0 =  FALSE" for instance <gtx_dual_i> in unit <GTX_OUTPUT_TILE>.
    Set user-defined property "CLK_COR_KEEP_IDLE_1 =  FALSE" for instance <gtx_dual_i> in unit <GTX_OUTPUT_TILE>.
    Set user-defined property "CLK_COR_MAX_LAT_0 =  20" for instance <gtx_dual_i> in unit <GTX_OUTPUT_TILE>.
    Set user-defined property "CLK_COR_MAX_LAT_1 =  20" for instance <gtx_dual_i> in unit <GTX_OUTPUT_TILE>.
    Set user-defined property "CLK_COR_MIN_LAT_0 =  16" for instance <gtx_dual_i> in unit <GTX_OUTPUT_TILE>.
    Set user-defined property "CLK_COR_MIN_LAT_1 =  16" for instance <gtx_dual_i> in unit <GTX_OUTPUT_TILE>.
    Set user-defined property "CLK_COR_PRECEDENCE_0 =  TRUE" for instance <gtx_dual_i> in unit <GTX_OUTPUT_TILE>.
    Set user-defined property "CLK_COR_PRECEDENCE_1 =  TRUE" for instance <gtx_dual_i> in unit <GTX_OUTPUT_TILE>.
    Set user-defined property "CLK_COR_REPEAT_WAIT_0 =  0" for instance <gtx_dual_i> in unit <GTX_OUTPUT_TILE>.
    Set user-defined property "CLK_COR_REPEAT_WAIT_1 =  0" for instance <gtx_dual_i> in unit <GTX_OUTPUT_TILE>.
    Set user-defined property "CLK_COR_SEQ_1_1_0 =  0000000000" for instance <gtx_dual_i> in unit <GTX_OUTPUT_TILE>.
    Set user-defined property "CLK_COR_SEQ_1_1_1 =  0000000000" for instance <gtx_dual_i> in unit <GTX_OUTPUT_TILE>.
    Set user-defined property "CLK_COR_SEQ_1_2_0 =  0000000000" for instance <gtx_dual_i> in unit <GTX_OUTPUT_TILE>.
    Set user-defined property "CLK_COR_SEQ_1_2_1 =  0000000000" for instance <gtx_dual_i> in unit <GTX_OUTPUT_TILE>.
    Set user-defined property "CLK_COR_SEQ_1_3_0 =  0000000000" for instance <gtx_dual_i> in unit <GTX_OUTPUT_TILE>.
    Set user-defined property "CLK_COR_SEQ_1_3_1 =  0000000000" for instance <gtx_dual_i> in unit <GTX_OUTPUT_TILE>.
    Set user-defined property "CLK_COR_SEQ_1_4_0 =  0000000000" for instance <gtx_dual_i> in unit <GTX_OUTPUT_TILE>.
    Set user-defined property "CLK_COR_SEQ_1_4_1 =  0000000000" for instance <gtx_dual_i> in unit <GTX_OUTPUT_TILE>.
    Set user-defined property "CLK_COR_SEQ_1_ENABLE_0 =  0000" for instance <gtx_dual_i> in unit <GTX_OUTPUT_TILE>.
    Set user-defined property "CLK_COR_SEQ_1_ENABLE_1 =  0000" for instance <gtx_dual_i> in unit <GTX_OUTPUT_TILE>.
    Set user-defined property "CLK_COR_SEQ_2_1_0 =  0000000000" for instance <gtx_dual_i> in unit <GTX_OUTPUT_TILE>.
    Set user-defined property "CLK_COR_SEQ_2_1_1 =  0000000000" for instance <gtx_dual_i> in unit <GTX_OUTPUT_TILE>.
    Set user-defined property "CLK_COR_SEQ_2_2_0 =  0000000000" for instance <gtx_dual_i> in unit <GTX_OUTPUT_TILE>.
    Set user-defined property "CLK_COR_SEQ_2_2_1 =  0000000000" for instance <gtx_dual_i> in unit <GTX_OUTPUT_TILE>.
    Set user-defined property "CLK_COR_SEQ_2_3_0 =  0000000000" for instance <gtx_dual_i> in unit <GTX_OUTPUT_TILE>.
    Set user-defined property "CLK_COR_SEQ_2_3_1 =  0000000000" for instance <gtx_dual_i> in unit <GTX_OUTPUT_TILE>.
    Set user-defined property "CLK_COR_SEQ_2_4_0 =  0000000000" for instance <gtx_dual_i> in unit <GTX_OUTPUT_TILE>.
    Set user-defined property "CLK_COR_SEQ_2_4_1 =  0000000000" for instance <gtx_dual_i> in unit <GTX_OUTPUT_TILE>.
    Set user-defined property "CLK_COR_SEQ_2_ENABLE_0 =  0000" for instance <gtx_dual_i> in unit <GTX_OUTPUT_TILE>.
    Set user-defined property "CLK_COR_SEQ_2_ENABLE_1 =  0000" for instance <gtx_dual_i> in unit <GTX_OUTPUT_TILE>.
    Set user-defined property "CLK_COR_SEQ_2_USE_0 =  FALSE" for instance <gtx_dual_i> in unit <GTX_OUTPUT_TILE>.
    Set user-defined property "CLK_COR_SEQ_2_USE_1 =  FALSE" for instance <gtx_dual_i> in unit <GTX_OUTPUT_TILE>.
    Set user-defined property "CM_TRIM_0 =  10" for instance <gtx_dual_i> in unit <GTX_OUTPUT_TILE>.
    Set user-defined property "CM_TRIM_1 =  10" for instance <gtx_dual_i> in unit <GTX_OUTPUT_TILE>.
    Set user-defined property "COMMA_10B_ENABLE_0 =  1111111111" for instance <gtx_dual_i> in unit <GTX_OUTPUT_TILE>.
    Set user-defined property "COMMA_10B_ENABLE_1 =  1111111111" for instance <gtx_dual_i> in unit <GTX_OUTPUT_TILE>.
    Set user-defined property "COMMA_DOUBLE_0 =  FALSE" for instance <gtx_dual_i> in unit <GTX_OUTPUT_TILE>.
    Set user-defined property "COMMA_DOUBLE_1 =  FALSE" for instance <gtx_dual_i> in unit <GTX_OUTPUT_TILE>.
    Set user-defined property "COM_BURST_VAL_0 =  1111" for instance <gtx_dual_i> in unit <GTX_OUTPUT_TILE>.
    Set user-defined property "COM_BURST_VAL_1 =  1111" for instance <gtx_dual_i> in unit <GTX_OUTPUT_TILE>.
    Set user-defined property "DEC_MCOMMA_DETECT_0 =  TRUE" for instance <gtx_dual_i> in unit <GTX_OUTPUT_TILE>.
    Set user-defined property "DEC_MCOMMA_DETECT_1 =  TRUE" for instance <gtx_dual_i> in unit <GTX_OUTPUT_TILE>.
    Set user-defined property "DEC_PCOMMA_DETECT_0 =  TRUE" for instance <gtx_dual_i> in unit <GTX_OUTPUT_TILE>.
    Set user-defined property "DEC_PCOMMA_DETECT_1 =  TRUE" for instance <gtx_dual_i> in unit <GTX_OUTPUT_TILE>.
    Set user-defined property "DEC_VALID_COMMA_ONLY_0 =  FALSE" for instance <gtx_dual_i> in unit <GTX_OUTPUT_TILE>.
    Set user-defined property "DEC_VALID_COMMA_ONLY_1 =  FALSE" for instance <gtx_dual_i> in unit <GTX_OUTPUT_TILE>.
    Set user-defined property "DFE_CAL_TIME =  00110" for instance <gtx_dual_i> in unit <GTX_OUTPUT_TILE>.
    Set user-defined property "DFE_CFG_0 =  1001111011" for instance <gtx_dual_i> in unit <GTX_OUTPUT_TILE>.
    Set user-defined property "DFE_CFG_1 =  1001111011" for instance <gtx_dual_i> in unit <GTX_OUTPUT_TILE>.
    Set user-defined property "GEARBOX_ENDEC_0 =  000" for instance <gtx_dual_i> in unit <GTX_OUTPUT_TILE>.
    Set user-defined property "GEARBOX_ENDEC_1 =  000" for instance <gtx_dual_i> in unit <GTX_OUTPUT_TILE>.
    Set user-defined property "MCOMMA_10B_VALUE_0 =  1010000011" for instance <gtx_dual_i> in unit <GTX_OUTPUT_TILE>.
    Set user-defined property "MCOMMA_10B_VALUE_1 =  1010000011" for instance <gtx_dual_i> in unit <GTX_OUTPUT_TILE>.
    Set user-defined property "MCOMMA_DETECT_0 =  TRUE" for instance <gtx_dual_i> in unit <GTX_OUTPUT_TILE>.
    Set user-defined property "MCOMMA_DETECT_1 =  TRUE" for instance <gtx_dual_i> in unit <GTX_OUTPUT_TILE>.
    Set user-defined property "OOBDETECT_THRESHOLD_0 =  111" for instance <gtx_dual_i> in unit <GTX_OUTPUT_TILE>.
    Set user-defined property "OOBDETECT_THRESHOLD_1 =  111" for instance <gtx_dual_i> in unit <GTX_OUTPUT_TILE>.
    Set user-defined property "OOB_CLK_DIVIDER =  8" for instance <gtx_dual_i> in unit <GTX_OUTPUT_TILE>.
    Set user-defined property "OVERSAMPLE_MODE =  TRUE" for instance <gtx_dual_i> in unit <GTX_OUTPUT_TILE>.
    Set user-defined property "PCI_EXPRESS_MODE_0 =  FALSE" for instance <gtx_dual_i> in unit <GTX_OUTPUT_TILE>.
    Set user-defined property "PCI_EXPRESS_MODE_1 =  FALSE" for instance <gtx_dual_i> in unit <GTX_OUTPUT_TILE>.
    Set user-defined property "PCOMMA_10B_VALUE_0 =  0101111100" for instance <gtx_dual_i> in unit <GTX_OUTPUT_TILE>.
    Set user-defined property "PCOMMA_10B_VALUE_1 =  0101111100" for instance <gtx_dual_i> in unit <GTX_OUTPUT_TILE>.
    Set user-defined property "PCOMMA_DETECT_0 =  TRUE" for instance <gtx_dual_i> in unit <GTX_OUTPUT_TILE>.
    Set user-defined property "PCOMMA_DETECT_1 =  TRUE" for instance <gtx_dual_i> in unit <GTX_OUTPUT_TILE>.
    Set user-defined property "PLL_COM_CFG =  21680A" for instance <gtx_dual_i> in unit <GTX_OUTPUT_TILE>.
    Set user-defined property "PLL_CP_CFG =  00" for instance <gtx_dual_i> in unit <GTX_OUTPUT_TILE>.
    Set user-defined property "PLL_DIVSEL_FB =  2" for instance <gtx_dual_i> in unit <GTX_OUTPUT_TILE>.
    Set user-defined property "PLL_DIVSEL_REF =  1" for instance <gtx_dual_i> in unit <GTX_OUTPUT_TILE>.
    Set user-defined property "PLL_FB_DCCEN =  FALSE" for instance <gtx_dual_i> in unit <GTX_OUTPUT_TILE>.
    Set user-defined property "PLL_LKDET_CFG =  101" for instance <gtx_dual_i> in unit <GTX_OUTPUT_TILE>.
    Set user-defined property "PLL_RXDIVSEL_OUT_0 =  1" for instance <gtx_dual_i> in unit <GTX_OUTPUT_TILE>.
    Set user-defined property "PLL_RXDIVSEL_OUT_1 =  1" for instance <gtx_dual_i> in unit <GTX_OUTPUT_TILE>.
    Set user-defined property "PLL_SATA_0 =  FALSE" for instance <gtx_dual_i> in unit <GTX_OUTPUT_TILE>.
    Set user-defined property "PLL_SATA_1 =  FALSE" for instance <gtx_dual_i> in unit <GTX_OUTPUT_TILE>.
    Set user-defined property "PLL_TDCC_CFG =  000" for instance <gtx_dual_i> in unit <GTX_OUTPUT_TILE>.
    Set user-defined property "PLL_TXDIVSEL_OUT_0 =  4" for instance <gtx_dual_i> in unit <GTX_OUTPUT_TILE>.
    Set user-defined property "PLL_TXDIVSEL_OUT_1 =  4" for instance <gtx_dual_i> in unit <GTX_OUTPUT_TILE>.
    Set user-defined property "PMA_CDR_SCAN_0 =  6404040" for instance <gtx_dual_i> in unit <GTX_OUTPUT_TILE>.
    Set user-defined property "PMA_CDR_SCAN_1 =  6404040" for instance <gtx_dual_i> in unit <GTX_OUTPUT_TILE>.
    Set user-defined property "PMA_COM_CFG =  000000000000000000" for instance <gtx_dual_i> in unit <GTX_OUTPUT_TILE>.
    Set user-defined property "PMA_RXSYNC_CFG_0 =  00" for instance <gtx_dual_i> in unit <GTX_OUTPUT_TILE>.
    Set user-defined property "PMA_RXSYNC_CFG_1 =  00" for instance <gtx_dual_i> in unit <GTX_OUTPUT_TILE>.
    Set user-defined property "PMA_RX_CFG_0 =  0F44000" for instance <gtx_dual_i> in unit <GTX_OUTPUT_TILE>.
    Set user-defined property "PMA_RX_CFG_1 =  0F44000" for instance <gtx_dual_i> in unit <GTX_OUTPUT_TILE>.
    Set user-defined property "PMA_TX_CFG_0 =  80082" for instance <gtx_dual_i> in unit <GTX_OUTPUT_TILE>.
    Set user-defined property "PMA_TX_CFG_1 =  80082" for instance <gtx_dual_i> in unit <GTX_OUTPUT_TILE>.
    Set user-defined property "PRBS_ERR_THRESHOLD_0 =  00000001" for instance <gtx_dual_i> in unit <GTX_OUTPUT_TILE>.
    Set user-defined property "PRBS_ERR_THRESHOLD_1 =  00000001" for instance <gtx_dual_i> in unit <GTX_OUTPUT_TILE>.
    Set user-defined property "RCV_TERM_GND_0 =  FALSE" for instance <gtx_dual_i> in unit <GTX_OUTPUT_TILE>.
    Set user-defined property "RCV_TERM_GND_1 =  FALSE" for instance <gtx_dual_i> in unit <GTX_OUTPUT_TILE>.
    Set user-defined property "RCV_TERM_VTTRX_0 =  TRUE" for instance <gtx_dual_i> in unit <GTX_OUTPUT_TILE>.
    Set user-defined property "RCV_TERM_VTTRX_1 =  TRUE" for instance <gtx_dual_i> in unit <GTX_OUTPUT_TILE>.
    Set user-defined property "RXGEARBOX_USE_0 =  FALSE" for instance <gtx_dual_i> in unit <GTX_OUTPUT_TILE>.
    Set user-defined property "RXGEARBOX_USE_1 =  FALSE" for instance <gtx_dual_i> in unit <GTX_OUTPUT_TILE>.
    Set user-defined property "RX_BUFFER_USE_0 =  TRUE" for instance <gtx_dual_i> in unit <GTX_OUTPUT_TILE>.
    Set user-defined property "RX_BUFFER_USE_1 =  TRUE" for instance <gtx_dual_i> in unit <GTX_OUTPUT_TILE>.
    Set user-defined property "RX_DECODE_SEQ_MATCH_0 =  FALSE" for instance <gtx_dual_i> in unit <GTX_OUTPUT_TILE>.
    Set user-defined property "RX_DECODE_SEQ_MATCH_1 =  FALSE" for instance <gtx_dual_i> in unit <GTX_OUTPUT_TILE>.
    Set user-defined property "RX_EN_IDLE_HOLD_CDR =  FALSE" for instance <gtx_dual_i> in unit <GTX_OUTPUT_TILE>.
    Set user-defined property "RX_EN_IDLE_HOLD_DFE_0 =  TRUE" for instance <gtx_dual_i> in unit <GTX_OUTPUT_TILE>.
    Set user-defined property "RX_EN_IDLE_HOLD_DFE_1 =  TRUE" for instance <gtx_dual_i> in unit <GTX_OUTPUT_TILE>.
    Set user-defined property "RX_EN_IDLE_RESET_BUF_0 =  TRUE" for instance <gtx_dual_i> in unit <GTX_OUTPUT_TILE>.
    Set user-defined property "RX_EN_IDLE_RESET_BUF_1 =  TRUE" for instance <gtx_dual_i> in unit <GTX_OUTPUT_TILE>.
    Set user-defined property "RX_EN_IDLE_RESET_FR =  TRUE" for instance <gtx_dual_i> in unit <GTX_OUTPUT_TILE>.
    Set user-defined property "RX_EN_IDLE_RESET_PH =  TRUE" for instance <gtx_dual_i> in unit <GTX_OUTPUT_TILE>.
    Set user-defined property "RX_IDLE_HI_CNT_0 =  1000" for instance <gtx_dual_i> in unit <GTX_OUTPUT_TILE>.
    Set user-defined property "RX_IDLE_HI_CNT_1 =  1000" for instance <gtx_dual_i> in unit <GTX_OUTPUT_TILE>.
    Set user-defined property "RX_IDLE_LO_CNT_0 =  0000" for instance <gtx_dual_i> in unit <GTX_OUTPUT_TILE>.
    Set user-defined property "RX_IDLE_LO_CNT_1 =  0000" for instance <gtx_dual_i> in unit <GTX_OUTPUT_TILE>.
    Set user-defined property "RX_LOSS_OF_SYNC_FSM_0 =  FALSE" for instance <gtx_dual_i> in unit <GTX_OUTPUT_TILE>.
    Set user-defined property "RX_LOSS_OF_SYNC_FSM_1 =  FALSE" for instance <gtx_dual_i> in unit <GTX_OUTPUT_TILE>.
    Set user-defined property "RX_LOS_INVALID_INCR_0 =  8" for instance <gtx_dual_i> in unit <GTX_OUTPUT_TILE>.
    Set user-defined property "RX_LOS_INVALID_INCR_1 =  8" for instance <gtx_dual_i> in unit <GTX_OUTPUT_TILE>.
    Set user-defined property "RX_LOS_THRESHOLD_0 =  128" for instance <gtx_dual_i> in unit <GTX_OUTPUT_TILE>.
    Set user-defined property "RX_LOS_THRESHOLD_1 =  128" for instance <gtx_dual_i> in unit <GTX_OUTPUT_TILE>.
    Set user-defined property "RX_SLIDE_MODE_0 =  PCS" for instance <gtx_dual_i> in unit <GTX_OUTPUT_TILE>.
    Set user-defined property "RX_SLIDE_MODE_1 =  PCS" for instance <gtx_dual_i> in unit <GTX_OUTPUT_TILE>.
    Set user-defined property "RX_STATUS_FMT_0 =  PCIE" for instance <gtx_dual_i> in unit <GTX_OUTPUT_TILE>.
    Set user-defined property "RX_STATUS_FMT_1 =  PCIE" for instance <gtx_dual_i> in unit <GTX_OUTPUT_TILE>.
    Set user-defined property "RX_XCLK_SEL_0 =  RXUSR" for instance <gtx_dual_i> in unit <GTX_OUTPUT_TILE>.
    Set user-defined property "RX_XCLK_SEL_1 =  RXUSR" for instance <gtx_dual_i> in unit <GTX_OUTPUT_TILE>.
    Set user-defined property "SATA_BURST_VAL_0 =  100" for instance <gtx_dual_i> in unit <GTX_OUTPUT_TILE>.
    Set user-defined property "SATA_BURST_VAL_1 =  100" for instance <gtx_dual_i> in unit <GTX_OUTPUT_TILE>.
    Set user-defined property "SATA_IDLE_VAL_0 =  100" for instance <gtx_dual_i> in unit <GTX_OUTPUT_TILE>.
    Set user-defined property "SATA_IDLE_VAL_1 =  100" for instance <gtx_dual_i> in unit <GTX_OUTPUT_TILE>.
    Set user-defined property "SATA_MAX_BURST_0 =  9" for instance <gtx_dual_i> in unit <GTX_OUTPUT_TILE>.
    Set user-defined property "SATA_MAX_BURST_1 =  9" for instance <gtx_dual_i> in unit <GTX_OUTPUT_TILE>.
    Set user-defined property "SATA_MAX_INIT_0 =  26" for instance <gtx_dual_i> in unit <GTX_OUTPUT_TILE>.
    Set user-defined property "SATA_MAX_INIT_1 =  26" for instance <gtx_dual_i> in unit <GTX_OUTPUT_TILE>.
    Set user-defined property "SATA_MAX_WAKE_0 =  9" for instance <gtx_dual_i> in unit <GTX_OUTPUT_TILE>.
    Set user-defined property "SATA_MAX_WAKE_1 =  9" for instance <gtx_dual_i> in unit <GTX_OUTPUT_TILE>.
    Set user-defined property "SATA_MIN_BURST_0 =  5" for instance <gtx_dual_i> in unit <GTX_OUTPUT_TILE>.
    Set user-defined property "SATA_MIN_BURST_1 =  5" for instance <gtx_dual_i> in unit <GTX_OUTPUT_TILE>.
    Set user-defined property "SATA_MIN_INIT_0 =  14" for instance <gtx_dual_i> in unit <GTX_OUTPUT_TILE>.
    Set user-defined property "SATA_MIN_INIT_1 =  14" for instance <gtx_dual_i> in unit <GTX_OUTPUT_TILE>.
    Set user-defined property "SATA_MIN_WAKE_0 =  5" for instance <gtx_dual_i> in unit <GTX_OUTPUT_TILE>.
    Set user-defined property "SATA_MIN_WAKE_1 =  5" for instance <gtx_dual_i> in unit <GTX_OUTPUT_TILE>.
    Set user-defined property "SIM_GTXRESET_SPEEDUP =  1" for instance <gtx_dual_i> in unit <GTX_OUTPUT_TILE>.
    Set user-defined property "SIM_MODE =  FAST" for instance <gtx_dual_i> in unit <GTX_OUTPUT_TILE>.
    Set user-defined property "SIM_PLL_PERDIV2 =  0D0" for instance <gtx_dual_i> in unit <GTX_OUTPUT_TILE>.
    Set user-defined property "SIM_RECEIVER_DETECT_PASS_0 =  TRUE" for instance <gtx_dual_i> in unit <GTX_OUTPUT_TILE>.
    Set user-defined property "SIM_RECEIVER_DETECT_PASS_1 =  TRUE" for instance <gtx_dual_i> in unit <GTX_OUTPUT_TILE>.
    Set user-defined property "TERMINATION_CTRL =  10100" for instance <gtx_dual_i> in unit <GTX_OUTPUT_TILE>.
    Set user-defined property "TERMINATION_IMP_0 =  50" for instance <gtx_dual_i> in unit <GTX_OUTPUT_TILE>.
    Set user-defined property "TERMINATION_IMP_1 =  50" for instance <gtx_dual_i> in unit <GTX_OUTPUT_TILE>.
    Set user-defined property "TERMINATION_OVRD =  FALSE" for instance <gtx_dual_i> in unit <GTX_OUTPUT_TILE>.
    Set user-defined property "TRANS_TIME_FROM_P2_0 =  03C" for instance <gtx_dual_i> in unit <GTX_OUTPUT_TILE>.
    Set user-defined property "TRANS_TIME_FROM_P2_1 =  03C" for instance <gtx_dual_i> in unit <GTX_OUTPUT_TILE>.
    Set user-defined property "TRANS_TIME_NON_P2_0 =  19" for instance <gtx_dual_i> in unit <GTX_OUTPUT_TILE>.
    Set user-defined property "TRANS_TIME_NON_P2_1 =  19" for instance <gtx_dual_i> in unit <GTX_OUTPUT_TILE>.
    Set user-defined property "TRANS_TIME_TO_P2_0 =  064" for instance <gtx_dual_i> in unit <GTX_OUTPUT_TILE>.
    Set user-defined property "TRANS_TIME_TO_P2_1 =  064" for instance <gtx_dual_i> in unit <GTX_OUTPUT_TILE>.
    Set user-defined property "TXGEARBOX_USE_0 =  FALSE" for instance <gtx_dual_i> in unit <GTX_OUTPUT_TILE>.
    Set user-defined property "TXGEARBOX_USE_1 =  FALSE" for instance <gtx_dual_i> in unit <GTX_OUTPUT_TILE>.
    Set user-defined property "TXRX_INVERT_0 =  011" for instance <gtx_dual_i> in unit <GTX_OUTPUT_TILE>.
    Set user-defined property "TXRX_INVERT_1 =  011" for instance <gtx_dual_i> in unit <GTX_OUTPUT_TILE>.
    Set user-defined property "TX_BUFFER_USE_0 =  TRUE" for instance <gtx_dual_i> in unit <GTX_OUTPUT_TILE>.
    Set user-defined property "TX_BUFFER_USE_1 =  TRUE" for instance <gtx_dual_i> in unit <GTX_OUTPUT_TILE>.
    Set user-defined property "TX_DETECT_RX_CFG_0 =  1832" for instance <gtx_dual_i> in unit <GTX_OUTPUT_TILE>.
    Set user-defined property "TX_DETECT_RX_CFG_1 =  1832" for instance <gtx_dual_i> in unit <GTX_OUTPUT_TILE>.
    Set user-defined property "TX_IDLE_DELAY_0 =  010" for instance <gtx_dual_i> in unit <GTX_OUTPUT_TILE>.
    Set user-defined property "TX_IDLE_DELAY_1 =  010" for instance <gtx_dual_i> in unit <GTX_OUTPUT_TILE>.
    Set user-defined property "TX_XCLK_SEL_0 =  TXOUT" for instance <gtx_dual_i> in unit <GTX_OUTPUT_TILE>.
    Set user-defined property "TX_XCLK_SEL_1 =  TXOUT" for instance <gtx_dual_i> in unit <GTX_OUTPUT_TILE>.
Entity <GTX_OUTPUT_TILE> analyzed. Unit <GTX_OUTPUT_TILE> generated.


=========================================================================
*                           HDL Synthesis                               *
=========================================================================

Performing bidirectional port resolution...

Synthesizing Unit <output_buffer>.
    Related source file is "/home/ise/projects/complete_system_mash222_freq_synth_clean/mash222_vhd_files/output_buffer.vhd".
    Found 16-bit register for signal <data_word_out>.
    Found 16-bit register for signal <internal_word>.
    Summary:
	inferred  32 D-type flip-flop(s).
Unit <output_buffer> synthesized.


Synthesizing Unit <mash_222>.
    Related source file is "/home/ise/projects/complete_system_mash222_freq_synth_clean/mash222_vhd_files/mash_222.vhd".
WARNING:Xst:653 - Signal <v3<3:1>> is used but never assigned. This sourceless signal will be automatically connected to value 000.
WARNING:Xst:653 - Signal <v2<3:1>> is used but never assigned. This sourceless signal will be automatically connected to value 000.
WARNING:Xst:653 - Signal <v1<3:1>> is used but never assigned. This sourceless signal will be automatically connected to value 000.
    Found 12-bit register for signal <e1d>.
    Found 12-bit register for signal <e1dd>.
    Found 12-bit register for signal <e2d>.
    Found 12-bit register for signal <e2dd>.
    Found 12-bit register for signal <e3d>.
    Found 12-bit register for signal <e3dd>.
    Found 4-bit adder for signal <v>.
    Found 4-bit adder for signal <v$addsub0000> created at line 118.
    Found 4-bit adder for signal <v23>.
    Found 4-bit register for signal <v23d>.
    Found 4-bit register for signal <v23dd>.
    Found 4-bit register for signal <v3d>.
    Found 4-bit register for signal <v3d3>.
    Found 4-bit register for signal <v3d4>.
    Found 4-bit register for signal <v3dd>.
    Found 4-bit adder for signal <v3sum>.
    Found 4-bit adder for signal <v3sum$addsub0000> created at line 116.
    Found 13-bit subtractor for signal <y1>.
    Found 13-bit subtractor for signal <y2>.
    Found 13-bit subtractor for signal <y3>.
    Summary:
	inferred  96 D-type flip-flop(s).
	inferred   8 Adder/Subtractor(s).
Unit <mash_222> synthesized.


Synthesizing Unit <bit_reduction>.
    Related source file is "/home/ise/projects/complete_system_mash222_freq_synth_clean/mash222_vhd_files/bit_reduction.vhd".
    Found 8-bit subtractor for signal <$sub0000> created at line 69.
    Found 4-bit register for signal <data_in_buf>.
    Found 7-bit subtractor for signal <res1>.
    Found 7-bit subtractor for signal <res2>.
    Found 7-bit register for signal <res2_d>.
    Found 7-bit register for signal <res2_d3>.
    Found 7-bit register for signal <res2_d4>.
    Found 7-bit register for signal <res2_dd>.
    Found 7-bit comparator greater for signal <v_0$cmp_gt0000> created at line 72.
    Summary:
	inferred  32 D-type flip-flop(s).
	inferred   3 Adder/Subtractor(s).
	inferred   1 Comparator(s).
Unit <bit_reduction> synthesized.


Synthesizing Unit <synth>.
    Related source file is "/home/ise/projects/complete_system_mash222_freq_synth_clean/synth_vhd_files/synth.vhd".
WARNING:Xst:646 - Signal <res_offset_signed<12>> is assigned but never used. This unconnected signal will be trimmed during the optimization process.
WARNING:Xst:653 - Signal <bc_uint_red<10:7>> is used but never assigned. This sourceless signal will be automatically connected to value 0000.
WARNING:Xst:646 - Signal <bc_uint_buf<10:0>> is assigned but never used. This unconnected signal will be trimmed during the optimization process.
WARNING:Xst:653 - Signal <bc_signed<11>> is used but never assigned. This sourceless signal will be automatically connected to value 0.
    Found 12-bit register for signal <a_signed_buf>.
    Found 12x6-bit multiplier for signal <bc_uint>.
    Found 18-bit register for signal <bc_uint_buf>.
    Found 1-bit xor2 for signal <cos_e_sign>.
    Found 1-bit register for signal <cos_e_sign_buf>.
    Found 1-bit register for signal <cos_e_sign_buf2>.
    Found 16-bit up accumulator for signal <nkc_acc>.
    Found 12-bit register for signal <output_buf>.
    Found 12-bit addsub for signal <res>.
    Found 12-bit adder for signal <res$addsub0000> created at line 138.
    Found 12-bit register for signal <res_buf>.
    Found 13-bit adder for signal <res_offset_signed>.
    Found 1-bit register for signal <sin_e_sign_buf>.
    Found 1-bit register for signal <sin_e_sign_buf2>.
    Summary:
	inferred   1 Accumulator(s).
	inferred  58 D-type flip-flop(s).
	inferred   3 Adder/Subtractor(s).
	inferred   1 Multiplier(s).
Unit <synth> synthesized.


Synthesizing Unit <pll_clock>.
    Related source file is "/home/ise/projects/complete_system_mash222_freq_synth_clean/pll_clock.vhd".
Unit <pll_clock> synthesized.


Synthesizing Unit <GTX_OUTPUT_TILE>.
    Related source file is "/home/ise/projects/complete_system_mash222_freq_synth_clean/ipcore_dir/ipcore_dir_mash222/gtx_output_tile.vhd".
WARNING:Xst:1780 - Signal <txrundisp1_float_i> is never used or assigned. This unconnected signal will be trimmed during the optimization process.
WARNING:Xst:1780 - Signal <txrundisp0_float_i> is never used or assigned. This unconnected signal will be trimmed during the optimization process.
WARNING:Xst:1780 - Signal <txkerr1_float_i> is never used or assigned. This unconnected signal will be trimmed during the optimization process.
WARNING:Xst:1780 - Signal <txkerr0_float_i> is never used or assigned. This unconnected signal will be trimmed during the optimization process.
WARNING:Xst:646 - Signal <tied_to_ground_vec_i<63:16>> is assigned but never used. This unconnected signal will be trimmed during the optimization process.
Unit <GTX_OUTPUT_TILE> synthesized.


Synthesizing Unit <GTX_OUTPUT>.
    Related source file is "/home/ise/projects/complete_system_mash222_freq_synth_clean/ipcore_dir/ipcore_dir_mash222/gtx_output.vhd".
WARNING:Xst:646 - Signal <tied_to_vcc_i> is assigned but never used. This unconnected signal will be trimmed during the optimization process.
WARNING:Xst:646 - Signal <tied_to_ground_vec_i> is assigned but never used. This unconnected signal will be trimmed during the optimization process.
WARNING:Xst:646 - Signal <tied_to_ground_i> is assigned but never used. This unconnected signal will be trimmed during the optimization process.
Unit <GTX_OUTPUT> synthesized.


Synthesizing Unit <mod_top_level>.
    Related source file is "/home/ise/projects/complete_system_mash222_freq_synth_clean/mash222_vhd_files/top_level.vhd".
    Found 12-bit register for signal <data_in_uint>.
    Summary:
	inferred  12 D-type flip-flop(s).
Unit <mod_top_level> synthesized.


Synthesizing Unit <modulator_synth_sys>.
    Related source file is "/home/ise/projects/complete_system_mash222_freq_synth_clean/modulator_synth_sys.vhd".
WARNING:Xst:646 - Signal <data_to_mod_buf> is assigned but never used. This unconnected signal will be trimmed during the optimization process.
WARNING:Xst:646 - Signal <data_synth_combined<0>> is assigned but never used. This unconnected signal will be trimmed during the optimization process.
WARNING:Xst:1780 - Signal <bit_out> is never used or assigned. This unconnected signal will be trimmed during the optimization process.
    Found 13-bit adder for signal <data_synth_combined>.
    Summary:
	inferred   1 Adder/Subtractor(s).
Unit <modulator_synth_sys> synthesized.

INFO:Xst:1767 - HDL ADVISOR - Resource sharing has identified that some arithmetic operations in this design can share the same physical resources for reduced device utilization. For improved clock frequency you may try to disable resource sharing.

=========================================================================
HDL Synthesis Report

Macro Statistics
# Multipliers                                          : 2
 12x6-bit multiplier                                   : 2
# Adders/Subtractors                                   : 18
 12-bit adder                                          : 2
 12-bit addsub                                         : 2
 13-bit adder                                          : 3
 13-bit subtractor                                     : 3
 4-bit adder                                           : 5
 7-bit subtractor                                      : 2
 8-bit subtractor                                      : 1
# Accumulators                                         : 2
 16-bit up accumulator                                 : 2
# Registers                                            : 51
 1-bit register                                        : 24
 12-bit register                                       : 13
 16-bit register                                       : 1
 18-bit register                                       : 2
 4-bit register                                        : 7
 7-bit register                                        : 4
# Comparators                                          : 1
 7-bit comparator greater                              : 1
# Xors                                                 : 2
 1-bit xor2                                            : 2

=========================================================================

=========================================================================
*                       Advanced HDL Synthesis                          *
=========================================================================

Reading core <ipcore_dir/ipcore_dir_synth/lut_sine_coarse_128_vals.ngc>.
Reading core <ipcore_dir/ipcore_dir_synth/lut_sine_fine_256_vals.ngc>.
Loading core <lut_sine_coarse_128_vals> for timing and area information for instance <lut_coarse_sin>.
Loading core <lut_sine_coarse_128_vals> for timing and area information for instance <lut_coarse_cos>.
Loading core <lut_sine_fine_256_vals> for timing and area information for instance <lut_fine>.
INFO:Xst:2261 - The FF/Latch <v3d_1> in Unit <mash_222_inst> is equivalent to the following 2 FFs/Latches, which will be removed : <v3d_2> <v3d_3> 
INFO:Xst:2261 - The FF/Latch <v3dd_1> in Unit <mash_222_inst> is equivalent to the following 2 FFs/Latches, which will be removed : <v3dd_2> <v3dd_3> 
INFO:Xst:2261 - The FF/Latch <v3d3_1> in Unit <mash_222_inst> is equivalent to the following 2 FFs/Latches, which will be removed : <v3d3_2> <v3d3_3> 
INFO:Xst:2261 - The FF/Latch <v3d4_1> in Unit <mash_222_inst> is equivalent to the following 2 FFs/Latches, which will be removed : <v3d4_2> <v3d4_3> 
WARNING:Xst:1293 - FF/Latch <v3d_1> has a constant value of 0 in block <mash_222_inst>. This FF/Latch will be trimmed during the optimization process.
WARNING:Xst:1896 - Due to other FF/Latch trimming, FF/Latch <v3dd_1> has a constant value of 0 in block <mash_222_inst>. This FF/Latch will be trimmed during the optimization process.
WARNING:Xst:1896 - Due to other FF/Latch trimming, FF/Latch <v3d3_1> has a constant value of 0 in block <mash_222_inst>. This FF/Latch will be trimmed during the optimization process.
WARNING:Xst:1896 - Due to other FF/Latch trimming, FF/Latch <v3d4_1> has a constant value of 0 in block <mash_222_inst>. This FF/Latch will be trimmed during the optimization process.
WARNING:Xst:2677 - Node <bc_uint_buf_0> of sequential type is unconnected in block <synth_inst_1>.
WARNING:Xst:2677 - Node <bc_uint_buf_1> of sequential type is unconnected in block <synth_inst_1>.
WARNING:Xst:2677 - Node <bc_uint_buf_2> of sequential type is unconnected in block <synth_inst_1>.
WARNING:Xst:2677 - Node <bc_uint_buf_3> of sequential type is unconnected in block <synth_inst_1>.
WARNING:Xst:2677 - Node <bc_uint_buf_4> of sequential type is unconnected in block <synth_inst_1>.
WARNING:Xst:2677 - Node <bc_uint_buf_5> of sequential type is unconnected in block <synth_inst_1>.
WARNING:Xst:2677 - Node <bc_uint_buf_6> of sequential type is unconnected in block <synth_inst_1>.
WARNING:Xst:2677 - Node <bc_uint_buf_7> of sequential type is unconnected in block <synth_inst_1>.
WARNING:Xst:2677 - Node <bc_uint_buf_8> of sequential type is unconnected in block <synth_inst_1>.
WARNING:Xst:2677 - Node <bc_uint_buf_9> of sequential type is unconnected in block <synth_inst_1>.
WARNING:Xst:2677 - Node <bc_uint_buf_10> of sequential type is unconnected in block <synth_inst_1>.
WARNING:Xst:2677 - Node <bc_uint_buf_0> of sequential type is unconnected in block <synth_inst_2>.
WARNING:Xst:2677 - Node <bc_uint_buf_1> of sequential type is unconnected in block <synth_inst_2>.
WARNING:Xst:2677 - Node <bc_uint_buf_2> of sequential type is unconnected in block <synth_inst_2>.
WARNING:Xst:2677 - Node <bc_uint_buf_3> of sequential type is unconnected in block <synth_inst_2>.
WARNING:Xst:2677 - Node <bc_uint_buf_4> of sequential type is unconnected in block <synth_inst_2>.
WARNING:Xst:2677 - Node <bc_uint_buf_5> of sequential type is unconnected in block <synth_inst_2>.
WARNING:Xst:2677 - Node <bc_uint_buf_6> of sequential type is unconnected in block <synth_inst_2>.
WARNING:Xst:2677 - Node <bc_uint_buf_7> of sequential type is unconnected in block <synth_inst_2>.
WARNING:Xst:2677 - Node <bc_uint_buf_8> of sequential type is unconnected in block <synth_inst_2>.
WARNING:Xst:2677 - Node <bc_uint_buf_9> of sequential type is unconnected in block <synth_inst_2>.
WARNING:Xst:2677 - Node <bc_uint_buf_10> of sequential type is unconnected in block <synth_inst_2>.

Synthesizing (advanced) Unit <synth>.
	Found pipelined multiplier on signal <bc_uint>:
		- 1 pipeline level(s) found in a register connected to the multiplier macro output.
		Pushing register(s) into the multiplier macro.
INFO:Xst:2385 - HDL ADVISOR - You can improve the performance of the multiplier Mmult_bc_uint by adding 1 register level(s).
Unit <synth> synthesized (advanced).

=========================================================================
Advanced HDL Synthesis Report

Macro Statistics
# Multipliers                                          : 2
 12x6-bit registered multiplier                        : 2
# Adders/Subtractors                                   : 16
 12-bit adder                                          : 4
 12-bit addsub                                         : 2
 13-bit adder                                          : 1
 13-bit subtractor                                     : 3
 4-bit adder                                           : 1
 4-bit adder carry in                                  : 2
 7-bit subtractor                                      : 3
# Accumulators                                         : 2
 16-bit up accumulator                                 : 2
# Registers                                            : 252
 Flip-Flops                                            : 252
# Comparators                                          : 1
 7-bit comparator greater                              : 1
# Xors                                                 : 2
 1-bit xor2                                            : 2

=========================================================================

=========================================================================
*                         Low Level Synthesis                           *
=========================================================================
WARNING:Xst:1293 - FF/Latch <v3d_1> has a constant value of 0 in block <mash_222>. This FF/Latch will be trimmed during the optimization process.
WARNING:Xst:1896 - Due to other FF/Latch trimming, FF/Latch <v3d_2> has a constant value of 0 in block <mash_222>. This FF/Latch will be trimmed during the optimization process.
WARNING:Xst:1896 - Due to other FF/Latch trimming, FF/Latch <v3d_3> has a constant value of 0 in block <mash_222>. This FF/Latch will be trimmed during the optimization process.
WARNING:Xst:1896 - Due to other FF/Latch trimming, FF/Latch <v3dd_1> has a constant value of 0 in block <mash_222>. This FF/Latch will be trimmed during the optimization process.
WARNING:Xst:1896 - Due to other FF/Latch trimming, FF/Latch <v3dd_2> has a constant value of 0 in block <mash_222>. This FF/Latch will be trimmed during the optimization process.
WARNING:Xst:1896 - Due to other FF/Latch trimming, FF/Latch <v3dd_3> has a constant value of 0 in block <mash_222>. This FF/Latch will be trimmed during the optimization process.
WARNING:Xst:1896 - Due to other FF/Latch trimming, FF/Latch <v3d3_1> has a constant value of 0 in block <mash_222>. This FF/Latch will be trimmed during the optimization process.
WARNING:Xst:1896 - Due to other FF/Latch trimming, FF/Latch <v3d3_2> has a constant value of 0 in block <mash_222>. This FF/Latch will be trimmed during the optimization process.
WARNING:Xst:1896 - Due to other FF/Latch trimming, FF/Latch <v3d3_3> has a constant value of 0 in block <mash_222>. This FF/Latch will be trimmed during the optimization process.
WARNING:Xst:1896 - Due to other FF/Latch trimming, FF/Latch <v3d4_1> has a constant value of 0 in block <mash_222>. This FF/Latch will be trimmed during the optimization process.
WARNING:Xst:1896 - Due to other FF/Latch trimming, FF/Latch <v3d4_2> has a constant value of 0 in block <mash_222>. This FF/Latch will be trimmed during the optimization process.
WARNING:Xst:1896 - Due to other FF/Latch trimming, FF/Latch <v3d4_3> has a constant value of 0 in block <mash_222>. This FF/Latch will be trimmed during the optimization process.
WARNING:Xst:1293 - FF/Latch <v23d_3> has a constant value of 0 in block <mash_222>. This FF/Latch will be trimmed during the optimization process.
WARNING:Xst:1896 - Due to other FF/Latch trimming, FF/Latch <v23dd_3> has a constant value of 0 in block <mash_222>. This FF/Latch will be trimmed during the optimization process.

Optimizing unit <modulator_synth_sys> ...

Optimizing unit <output_buffer> ...

Optimizing unit <mash_222> ...

Optimizing unit <bit_reduction> ...

Optimizing unit <synth> ...

Optimizing unit <mod_top_level> ...

Mapping all equations...
Building and optimizing final netlist ...
Found area constraint ratio of 100 (+ 5) on block modulator_synth_sys, actual ratio is 0.

Final Macro Processing ...

Processing Unit <modulator_synth_sys> :
	Found 2-bit shift register for signal <synth_inst_2/sin_e_sign_buf2>.
	Found 2-bit shift register for signal <synth_inst_1/sin_e_sign_buf2>.
	Found 2-bit shift register for signal <modulator_inst/bit_reduction_inst/res2_d4_0>.
	Found 2-bit shift register for signal <modulator_inst/bit_reduction_inst/res2_d4_1>.
	Found 2-bit shift register for signal <modulator_inst/bit_reduction_inst/res2_d4_2>.
	Found 2-bit shift register for signal <modulator_inst/bit_reduction_inst/res2_d4_3>.
	Found 2-bit shift register for signal <modulator_inst/bit_reduction_inst/res2_d4_4>.
	Found 2-bit shift register for signal <modulator_inst/bit_reduction_inst/res2_d4_5>.
	Found 3-bit shift register for signal <modulator_inst/bit_reduction_inst/res2_d4_6>.
	Found 2-bit shift register for signal <modulator_inst/mash_222_inst/e3dd_0>.
	Found 2-bit shift register for signal <modulator_inst/mash_222_inst/e3dd_1>.
	Found 2-bit shift register for signal <modulator_inst/mash_222_inst/e3dd_2>.
	Found 2-bit shift register for signal <modulator_inst/mash_222_inst/e1dd_0>.
	Found 2-bit shift register for signal <modulator_inst/mash_222_inst/e1dd_1>.
	Found 2-bit shift register for signal <modulator_inst/mash_222_inst/e1dd_2>.
	Found 2-bit shift register for signal <modulator_inst/mash_222_inst/e1dd_3>.
	Found 2-bit shift register for signal <modulator_inst/mash_222_inst/e1dd_4>.
	Found 2-bit shift register for signal <modulator_inst/mash_222_inst/e1dd_5>.
	Found 2-bit shift register for signal <modulator_inst/mash_222_inst/e1dd_6>.
	Found 2-bit shift register for signal <modulator_inst/mash_222_inst/e1dd_7>.
	Found 2-bit shift register for signal <modulator_inst/mash_222_inst/e1dd_8>.
	Found 2-bit shift register for signal <modulator_inst/mash_222_inst/e1dd_9>.
	Found 2-bit shift register for signal <modulator_inst/mash_222_inst/e1dd_10>.
	Found 2-bit shift register for signal <modulator_inst/mash_222_inst/e1dd_11>.
	Found 2-bit shift register for signal <modulator_inst/mash_222_inst/e2dd_0>.
	Found 2-bit shift register for signal <modulator_inst/mash_222_inst/e2dd_1>.
	Found 2-bit shift register for signal <modulator_inst/mash_222_inst/e2dd_2>.
	Found 2-bit shift register for signal <modulator_inst/mash_222_inst/e2dd_3>.
	Found 2-bit shift register for signal <modulator_inst/mash_222_inst/e2dd_4>.
	Found 2-bit shift register for signal <modulator_inst/mash_222_inst/e2dd_5>.
	Found 2-bit shift register for signal <modulator_inst/mash_222_inst/e2dd_6>.
	Found 2-bit shift register for signal <modulator_inst/mash_222_inst/e2dd_7>.
	Found 2-bit shift register for signal <modulator_inst/mash_222_inst/e2dd_8>.
	Found 2-bit shift register for signal <modulator_inst/mash_222_inst/e2dd_9>.
	Found 2-bit shift register for signal <modulator_inst/mash_222_inst/e2dd_10>.
	Found 2-bit shift register for signal <modulator_inst/mash_222_inst/e2dd_11>.
	Found 2-bit shift register for signal <modulator_inst/mash_222_inst/v3d4_0>.
Unit <modulator_synth_sys> processed.

=========================================================================
Final Register Report

Macro Statistics
# Registers                                            : 195
 Flip-Flops                                            : 195
# Shift Registers                                      : 37
 2-bit shift register                                  : 36
 3-bit shift register                                  : 1

=========================================================================

=========================================================================
*                           Partition Report                            *
=========================================================================

Partition Implementation Status
-------------------------------

  No Partitions were found in this design.

-------------------------------

=========================================================================
*                            Final Report                               *
=========================================================================
Final Results
RTL Top Level Output File Name     : modulator_synth_sys.ngr
Top Level Output File Name         : modulator_synth_sys
Output Format                      : NGC
Optimization Goal                  : Speed
Keep Hierarchy                     : No

Design Statistics
# IOs                              : 8

Cell Usage :
# BELS                             : 569
#      GND                         : 7
#      INV                         : 52
#      LUT1                        : 17
#      LUT2                        : 66
#      LUT3                        : 32
#      LUT4                        : 26
#      LUT5                        : 36
#      LUT6                        : 16
#      MUXCY                       : 149
#      MUXF7                       : 1
#      VCC                         : 7
#      XORCY                       : 160
# FlipFlops/Latches                : 232
#      FD                          : 195
#      FDE                         : 37
# RAMS                             : 6
#      RAMB18                      : 6
# Shift Registers                  : 37
#      SRLC16E                     : 37
# Clock Buffers                    : 6
#      BUFG                        : 6
# IO Buffers                       : 8
#      IBUF                        : 5
#      IBUFG                       : 1
#      OBUF                        : 2
# GigabitIOs                       : 1
#      GTX_DUAL                    : 1
# DSPs                             : 2
#      DSP48E                      : 2
# Others                           : 1
#      PLL_ADV                     : 1
=========================================================================

Device utilization summary:
---------------------------

Selected Device : 5vfx70tff1136-1 


Slice Logic Utilization: 
 Number of Slice Registers:             232  out of  44800     0%  
 Number of Slice LUTs:                  282  out of  44800     0%  
    Number used as Logic:               245  out of  44800     0%  
    Number used as Memory:               37  out of  13120     0%  
       Number used as SRL:               37

Slice Logic Distribution: 
 Number of LUT Flip Flop pairs used:    342
   Number with an unused Flip Flop:     110  out of    342    32%  
   Number with an unused LUT:            60  out of    342    17%  
   Number of fully used LUT-FF pairs:   172  out of    342    50%  
   Number of unique control sets:         3

IO Utilization: 
 Number of IOs:                           8
 Number of bonded IOBs:                   8  out of    640     1%  

Specific Feature Utilization:
 Number of Block RAM/FIFO:                3  out of    148     2%  
    Number using Block RAM only:          3
 Number of BUFG/BUFGCTRLs:                6  out of     32    18%  
 Number of DSP48Es:                       2  out of    128     1%  
 Number of GTX_DUALs:                     1  out of      8    12%  
 Number of PLL_ADVs:                      1  out of      6    16%  

---------------------------
Partition Resource Summary:
---------------------------

  No Partitions were found in this design.

---------------------------


=========================================================================
TIMING REPORT

NOTE: THESE TIMING NUMBERS ARE ONLY A SYNTHESIS ESTIMATE.
      FOR ACCURATE TIMING INFORMATION PLEASE REFER TO THE TRACE REPORT
      GENERATED AFTER PLACE-and-ROUTE.

Clock Information:
------------------
-----------------------------------+-------------------------------------------------------+-------+
Clock Signal                       | Clock buffer(FF name)                                 | Load  |
-----------------------------------+-------------------------------------------------------+-------+
pll_clk_to_synth1                  | BUFG                                                  | 261   |
modulator_inst/clk_out_usr0_15MHz  | NONE(modulator_inst/my_output_buffer/data_word_out_15)| 16    |
-----------------------------------+-------------------------------------------------------+-------+
INFO:Xst:2169 - HDL ADVISOR - Some clock signals were not automatically buffered by XST with BUFG/BUFR resources. Please use the buffer_type constraint in order to insert these buffers to the clock signals to help prevent skew problems.

Asynchronous Control Signals Information:
----------------------------------------
No asynchronous control signals found in this design

Timing Summary:
---------------
Speed Grade: -1

   Minimum period: 5.761ns (Maximum Frequency: 173.581MHz)
   Minimum input arrival time before clock: 2.602ns
   Maximum output required time after clock: No path found
   Maximum combinational path delay: 1.154ns

Timing Detail:
--------------
All values displayed in nanoseconds (ns)

=========================================================================
Timing constraint: Default period analysis for Clock 'pll_clk_to_synth1'
  Clock period: 5.761ns (frequency: 173.581MHz)
  Total number of paths / destination ports: 54549 / 377
-------------------------------------------------------------------------
Delay:               5.761ns (Levels of Logic = 1)
  Source:            synth_inst_2/lut_coarse_cos/U0/xst_blk_mem_generator/gnativebmg.native_blk_mem_gen/valid.cstr/ramloop[0].ram.r/v5_init.ram/SP.WIDE_PRIM18.SP (RAM)
  Destination:       synth_inst_2/Mmult_bc_uint (DSP)
  Source Clock:      pll_clk_to_synth1 rising
  Destination Clock: pll_clk_to_synth1 rising

  Data Path: synth_inst_2/lut_coarse_cos/U0/xst_blk_mem_generator/gnativebmg.native_blk_mem_gen/valid.cstr/ramloop[0].ram.r/v5_init.ram/SP.WIDE_PRIM18.SP to synth_inst_2/Mmult_bc_uint
                                Gate     Net
    Cell:in->out      fanout   Delay   Delay  Logical Name (Net Name)
    ----------------------------------------  ------------
     RAMB18:CLKB->DOB10    1   2.180   0.336  U0/xst_blk_mem_generator/gnativebmg.native_blk_mem_gen/valid.cstr/ramloop[0].ram.r/v5_init.ram/SP.WIDE_PRIM18.SP (douta<11>)
     end scope: 'synth_inst_2/lut_coarse_cos'
     DSP48E:A11                3.245          synth_inst_2/Mmult_bc_uint
    ----------------------------------------
    Total                      5.761ns (5.425ns logic, 0.336ns route)
                                       (94.2% logic, 5.8% route)

=========================================================================
Timing constraint: Default OFFSET IN BEFORE for Clock 'pll_clk_to_synth1'
  Total number of paths / destination ports: 99 / 28
-------------------------------------------------------------------------
Offset:              2.602ns (Levels of Logic = 18)
  Source:            choose_input (PAD)
  Destination:       synth_inst_1/nkc_acc_15 (FF)
  Destination Clock: pll_clk_to_synth1 rising

  Data Path: choose_input to synth_inst_1/nkc_acc_15
                                Gate     Net
    Cell:in->out      fanout   Delay   Delay  Logical Name (Net Name)
    ----------------------------------------  ------------
     IBUF:I->O            23   0.818   0.597  choose_input_IBUF (choose_input_IBUF)
     LUT2:I1->O            1   0.094   0.000  synth_inst_1/Maccum_nkc_acc_lut<0> (synth_inst_1/Maccum_nkc_acc_lut<0>)
     MUXCY:S->O            1   0.372   0.000  synth_inst_1/Maccum_nkc_acc_cy<0> (synth_inst_1/Maccum_nkc_acc_cy<0>)
     MUXCY:CI->O           1   0.026   0.000  synth_inst_1/Maccum_nkc_acc_cy<1> (synth_inst_1/Maccum_nkc_acc_cy<1>)
     MUXCY:CI->O           1   0.026   0.000  synth_inst_1/Maccum_nkc_acc_cy<2> (synth_inst_1/Maccum_nkc_acc_cy<2>)
     MUXCY:CI->O           1   0.026   0.000  synth_inst_1/Maccum_nkc_acc_cy<3> (synth_inst_1/Maccum_nkc_acc_cy<3>)
     MUXCY:CI->O           1   0.026   0.000  synth_inst_1/Maccum_nkc_acc_cy<4> (synth_inst_1/Maccum_nkc_acc_cy<4>)
     MUXCY:CI->O           1   0.026   0.000  synth_inst_1/Maccum_nkc_acc_cy<5> (synth_inst_1/Maccum_nkc_acc_cy<5>)
     MUXCY:CI->O           1   0.026   0.000  synth_inst_1/Maccum_nkc_acc_cy<6> (synth_inst_1/Maccum_nkc_acc_cy<6>)
     MUXCY:CI->O           1   0.026   0.000  synth_inst_1/Maccum_nkc_acc_cy<7> (synth_inst_1/Maccum_nkc_acc_cy<7>)
     MUXCY:CI->O           1   0.026   0.000  synth_inst_1/Maccum_nkc_acc_cy<8> (synth_inst_1/Maccum_nkc_acc_cy<8>)
     MUXCY:CI->O           1   0.026   0.000  synth_inst_1/Maccum_nkc_acc_cy<9> (synth_inst_1/Maccum_nkc_acc_cy<9>)
     MUXCY:CI->O           1   0.026   0.000  synth_inst_1/Maccum_nkc_acc_cy<10> (synth_inst_1/Maccum_nkc_acc_cy<10>)
     MUXCY:CI->O           1   0.026   0.000  synth_inst_1/Maccum_nkc_acc_cy<11> (synth_inst_1/Maccum_nkc_acc_cy<11>)
     MUXCY:CI->O           1   0.026   0.000  synth_inst_1/Maccum_nkc_acc_cy<12> (synth_inst_1/Maccum_nkc_acc_cy<12>)
     MUXCY:CI->O           1   0.026   0.000  synth_inst_1/Maccum_nkc_acc_cy<13> (synth_inst_1/Maccum_nkc_acc_cy<13>)
     MUXCY:CI->O           0   0.026   0.000  synth_inst_1/Maccum_nkc_acc_cy<14> (synth_inst_1/Maccum_nkc_acc_cy<14>)
     XORCY:CI->O           1   0.357   0.000  synth_inst_1/Maccum_nkc_acc_xor<15> (synth_inst_1/Result<15>)
     FD:D                     -0.018          synth_inst_1/nkc_acc_15
    ----------------------------------------
    Total                      2.602ns (2.005ns logic, 0.597ns route)
                                       (77.1% logic, 22.9% route)

=========================================================================
Timing constraint: Default path analysis
  Total number of paths / destination ports: 2 / 2
-------------------------------------------------------------------------
Delay:               1.154ns (Levels of Logic = 1)
  Source:            clk_in (PAD)
  Destination:       modulator_inst/my_pll_clock/PLL_ADV_INST:CLKIN1 (PAD)

  Data Path: clk_in to modulator_inst/my_pll_clock/PLL_ADV_INST:CLKIN1
                                Gate     Net
    Cell:in->out      fanout   Delay   Delay  Logical Name (Net Name)
    ----------------------------------------  ------------
     IBUFG:I->O            1   0.818   0.336  modulator_inst/my_pll_clock/CLKIN1_IBUFG_INST (modulator_inst/my_pll_clock/CLKIN1_IBUFG)
    PLL_ADV:CLKIN1             0.000          modulator_inst/my_pll_clock/PLL_ADV_INST
    ----------------------------------------
    Total                      1.154ns (0.818ns logic, 0.336ns route)
                                       (70.9% logic, 29.1% route)

=========================================================================


Total REAL time to Xst completion: 27.00 secs
Total CPU time to Xst completion: 24.69 secs
 
--> 


Total memory usage is 675880 kilobytes

Number of errors   :    0 (   0 filtered)
Number of warnings :   69 (   0 filtered)
Number of infos    :    7 (   0 filtered)

